Documentation Update Log
========================
Date: 2025-07-12
Version: 1.0.0
Updated by: abdurrahmanmirza
Update type: Automated
Platform: darwin24

Files Updated:
- PROJECT_STRUCTURE.md
- PROJECT_EVALUATION_TEMPLATE.md
- README.md
- LOGGING_GUIDE.md
- current_structure.txt
- outdated_packages.txt
- current_packages.txt
- bundle_analysis.txt
- external_links.txt

Next scheduled update: 2025-08-12

Summary:
- Documentation timestamps updated
- Project structure analyzed
- Dependencies checked
- Performance metrics gathered
- External links validated

Status: ✅ Completed successfully
